AndroidDevelopment/cognitive_ems/app/build/intermediates/manifest_merge_blame_file/debug/manifest-merger-blame-debug-report.txt
1<?xml version="1.0" encoding="utf-8"?>
2<manifest xmlns:android="http://schemas.android.com/apk/res/android"
3    package="com.example.cognitive_ems"
4    android:versionCode="1"
5    android:versionName="1.0" >
6
7    <uses-sdk
8        android:minSdkVersion="21"
8-->src/main/AndroidManifest.xml
9        android:targetSdkVersion="31" />
9-->src/main/AndroidManifest.xml
10
11    <uses-permission android:name="android.permission.INTERNET" />
11-->src/main/AndroidManifest.xml:5:5-67
11-->src/main/AndroidManifest.xml:5:22-64
12    <uses-permission android:name="android.permission.CAMERA" />
12-->src/main/AndroidManifest.xml:6:5-65
12-->src/main/AndroidManifest.xml:6:22-62
13    <uses-permission android:name="android.permission.RECORD_AUDIO" />
13-->src/main/AndroidManifest.xml:7:5-71
13-->src/main/AndroidManifest.xml:7:22-68
14    <uses-permission android:name="android.permission.WAKE_LOCK" />
14-->src/main/AndroidManifest.xml:8:5-68
14-->src/main/AndroidManifest.xml:8:22-65
15    <uses-permission android:name="android.permission.FOREGROUND_SERVICE" />
15-->src/main/AndroidManifest.xml:9:5-77
15-->src/main/AndroidManifest.xml:9:22-74
16    <uses-permission android:name="android.permission.ACCESS_NETWORK_STATE" />
16-->[androidx.work:work-runtime:2.7.0] AndroidManifest.xml:26:5-79
16-->[androidx.work:work-runtime:2.7.0] AndroidManifest.xml:26:22-76
17    <uses-permission android:name="android.permission.RECEIVE_BOOT_COMPLETED" />
17-->[androidx.work:work-runtime:2.7.0] AndroidManifest.xml:27:5-81
17-->[androidx.work:work-runtime:2.7.0] AndroidManifest.xml:27:22-78
18
19    <application
19-->src/main/AndroidManifest.xml:11:5-33:19
20        android:name="com.example.cognitive_ems.CognitiveEMS"
20-->src/main/AndroidManifest.xml:12:9-62
21        android:allowBackup="true"
21-->src/main/AndroidManifest.xml:13:9-35
22        android:appComponentFactory="androidx.core.app.CoreComponentFactory"
22-->[androidx.core:core:1.6.0] AndroidManifest.xml:24:18-86
23        android:debuggable="true"
24        android:icon="@mipmap/ic_launcher"
24-->src/main/AndroidManifest.xml:14:9-43
25        android:label="@string/app_name"
25-->src/main/AndroidManifest.xml:15:9-41
26        android:roundIcon="@mipmap/ic_launcher_round"
26-->src/main/AndroidManifest.xml:16:9-54
27        android:supportsRtl="true"
27-->src/main/AndroidManifest.xml:17:9-35
28        android:testOnly="true"
29        android:theme="@style/Theme.AppCompat"
29-->src/main/AndroidManifest.xml:18:9-47
30        android:usesCleartextTraffic="true" >
30-->src/main/AndroidManifest.xml:19:9-44
31        <service
31-->src/main/AndroidManifest.xml:21:9-125
32            android:name="com.example.cognitive_ems.SocketIOService"
32-->src/main/AndroidManifest.xml:21:18-74
33            android:enabled="true"
33-->src/main/AndroidManifest.xml:21:76-98
34            android:exported="true" />
34-->src/main/AndroidManifest.xml:21:99-122
35
36        <activity
36-->src/main/AndroidManifest.xml:22:9-29:20
37            android:name="com.example.cognitive_ems.MainActivity"
37-->src/main/AndroidManifest.xml:23:13-66
38            android:exported="true" >
38-->src/main/AndroidManifest.xml:24:13-36
39            <intent-filter>
39-->src/main/AndroidManifest.xml:25:13-28:29
40                <action android:name="android.intent.action.MAIN" />
40-->src/main/AndroidManifest.xml:26:17-69
40-->src/main/AndroidManifest.xml:26:25-66
41
42                <category android:name="android.intent.category.LAUNCHER" />
42-->src/main/AndroidManifest.xml:27:17-77
42-->src/main/AndroidManifest.xml:27:27-74
43            </intent-filter>
44        </activity>
45        <activity android:name="com.example.cognitive_ems.CameraStreamActivity" />
45-->src/main/AndroidManifest.xml:31:9-92
45-->src/main/AndroidManifest.xml:31:19-80
46
47        <provider
47-->[androidx.work:work-runtime:2.7.0] AndroidManifest.xml:31:9-39:20
48            android:name="androidx.startup.InitializationProvider"
48-->[androidx.work:work-runtime:2.7.0] AndroidManifest.xml:32:13-67
49            android:authorities="com.example.cognitive_ems.androidx-startup"
49-->[androidx.work:work-runtime:2.7.0] AndroidManifest.xml:33:13-68
50            android:exported="false" >
50-->[androidx.work:work-runtime:2.7.0] AndroidManifest.xml:34:13-37
51            <meta-data
51-->[androidx.work:work-runtime:2.7.0] AndroidManifest.xml:36:13-38:52
52                android:name="androidx.work.WorkManagerInitializer"
52-->[androidx.work:work-runtime:2.7.0] AndroidManifest.xml:37:17-68
53                android:value="androidx.startup" />
53-->[androidx.work:work-runtime:2.7.0] AndroidManifest.xml:38:17-49
54        </provider>
55
56        <service
56-->[androidx.work:work-runtime:2.7.0] AndroidManifest.xml:41:9-46:35
57            android:name="androidx.work.impl.background.systemalarm.SystemAlarmService"
57-->[androidx.work:work-runtime:2.7.0] AndroidManifest.xml:42:13-88
58            android:directBootAware="false"
58-->[androidx.work:work-runtime:2.7.0] AndroidManifest.xml:43:13-44
59            android:enabled="@bool/enable_system_alarm_service_default"
59-->[androidx.work:work-runtime:2.7.0] AndroidManifest.xml:44:13-72
60            android:exported="false" />
60-->[androidx.work:work-runtime:2.7.0] AndroidManifest.xml:45:13-37
61        <service
61-->[androidx.work:work-runtime:2.7.0] AndroidManifest.xml:47:9-53:35
62            android:name="androidx.work.impl.background.systemjob.SystemJobService"
62-->[androidx.work:work-runtime:2.7.0] AndroidManifest.xml:48:13-84
63            android:directBootAware="false"
63-->[androidx.work:work-runtime:2.7.0] AndroidManifest.xml:49:13-44
64            android:enabled="@bool/enable_system_job_service_default"
64-->[androidx.work:work-runtime:2.7.0] AndroidManifest.xml:50:13-70
65            android:exported="true"
65-->[androidx.work:work-runtime:2.7.0] AndroidManifest.xml:51:13-36
66            android:permission="android.permission.BIND_JOB_SERVICE" />
66-->[androidx.work:work-runtime:2.7.0] AndroidManifest.xml:52:13-69
67        <service
67-->[androidx.work:work-runtime:2.7.0] AndroidManifest.xml:54:9-59:35
68            android:name="androidx.work.impl.foreground.SystemForegroundService"
68-->[androidx.work:work-runtime:2.7.0] AndroidManifest.xml:55:13-81
69            android:directBootAware="false"
69-->[androidx.work:work-runtime:2.7.0] AndroidManifest.xml:56:13-44
70            android:enabled="@bool/enable_system_foreground_service_default"
70-->[androidx.work:work-runtime:2.7.0] AndroidManifest.xml:57:13-77
71            android:exported="false" />
71-->[androidx.work:work-runtime:2.7.0] AndroidManifest.xml:58:13-37
72
73        <receiver
73-->[androidx.work:work-runtime:2.7.0] AndroidManifest.xml:61:9-66:35
74            android:name="androidx.work.impl.utils.ForceStopRunnable$BroadcastReceiver"
74-->[androidx.work:work-runtime:2.7.0] AndroidManifest.xml:62:13-88
75            android:directBootAware="false"
75-->[androidx.work:work-runtime:2.7.0] AndroidManifest.xml:63:13-44
76            android:enabled="true"
76-->[androidx.work:work-runtime:2.7.0] AndroidManifest.xml:64:13-35
77            android:exported="false" />
77-->[androidx.work:work-runtime:2.7.0] AndroidManifest.xml:65:13-37
78        <receiver
78-->[androidx.work:work-runtime:2.7.0] AndroidManifest.xml:67:9-77:20
79            android:name="androidx.work.impl.background.systemalarm.ConstraintProxy$BatteryChargingProxy"
79-->[androidx.work:work-runtime:2.7.0] AndroidManifest.xml:68:13-106
80            android:directBootAware="false"
80-->[androidx.work:work-runtime:2.7.0] AndroidManifest.xml:69:13-44
81            android:enabled="false"
81-->[androidx.work:work-runtime:2.7.0] AndroidManifest.xml:70:13-36
82            android:exported="false" >
82-->[androidx.work:work-runtime:2.7.0] AndroidManifest.xml:71:13-37
83            <intent-filter>
83-->[androidx.work:work-runtime:2.7.0] AndroidManifest.xml:73:13-76:29
84                <action android:name="android.intent.action.ACTION_POWER_CONNECTED" />
84-->[androidx.work:work-runtime:2.7.0] AndroidManifest.xml:74:17-87
84-->[androidx.work:work-runtime:2.7.0] AndroidManifest.xml:74:25-84
85                <action android:name="android.intent.action.ACTION_POWER_DISCONNECTED" />
85-->[androidx.work:work-runtime:2.7.0] AndroidManifest.xml:75:17-90
85-->[androidx.work:work-runtime:2.7.0] AndroidManifest.xml:75:25-87
86            </intent-filter>
87        </receiver>
88        <receiver
88-->[androidx.work:work-runtime:2.7.0] AndroidManifest.xml:78:9-88:20
89            android:name="androidx.work.impl.background.systemalarm.ConstraintProxy$BatteryNotLowProxy"
89-->[androidx.work:work-runtime:2.7.0] AndroidManifest.xml:79:13-104
90            android:directBootAware="false"
90-->[androidx.work:work-runtime:2.7.0] AndroidManifest.xml:80:13-44
91            android:enabled="false"
91-->[androidx.work:work-runtime:2.7.0] AndroidManifest.xml:81:13-36
92            android:exported="false" >
92-->[androidx.work:work-runtime:2.7.0] AndroidManifest.xml:82:13-37
93            <intent-filter>
93-->[androidx.work:work-runtime:2.7.0] AndroidManifest.xml:84:13-87:29
94                <action android:name="android.intent.action.BATTERY_OKAY" />
94-->[androidx.work:work-runtime:2.7.0] AndroidManifest.xml:85:17-77
94-->[androidx.work:work-runtime:2.7.0] AndroidManifest.xml:85:25-74
95                <action android:name="android.intent.action.BATTERY_LOW" />
95-->[androidx.work:work-runtime:2.7.0] AndroidManifest.xml:86:17-76
95-->[androidx.work:work-runtime:2.7.0] AndroidManifest.xml:86:25-73
96            </intent-filter>
97        </receiver>
98        <receiver
98-->[androidx.work:work-runtime:2.7.0] AndroidManifest.xml:89:9-99:20
99            android:name="androidx.work.impl.background.systemalarm.ConstraintProxy$StorageNotLowProxy"
99-->[androidx.work:work-runtime:2.7.0] AndroidManifest.xml:90:13-104
100            android:directBootAware="false"
100-->[androidx.work:work-runtime:2.7.0] AndroidManifest.xml:91:13-44
101            android:enabled="false"
101-->[androidx.work:work-runtime:2.7.0] AndroidManifest.xml:92:13-36
102            android:exported="false" >
102-->[androidx.work:work-runtime:2.7.0] AndroidManifest.xml:93:13-37
103            <intent-filter>
103-->[androidx.work:work-runtime:2.7.0] AndroidManifest.xml:95:13-98:29
104                <action android:name="android.intent.action.DEVICE_STORAGE_LOW" />
104-->[androidx.work:work-runtime:2.7.0] AndroidManifest.xml:96:17-83
104-->[androidx.work:work-runtime:2.7.0] AndroidManifest.xml:96:25-80
105                <action android:name="android.intent.action.DEVICE_STORAGE_OK" />
105-->[androidx.work:work-runtime:2.7.0] AndroidManifest.xml:97:17-82
105-->[androidx.work:work-runtime:2.7.0] AndroidManifest.xml:97:25-79
106            </intent-filter>
107        </receiver>
108        <receiver
108-->[androidx.work:work-runtime:2.7.0] AndroidManifest.xml:100:9-109:20
109            android:name="androidx.work.impl.background.systemalarm.ConstraintProxy$NetworkStateProxy"
109-->[androidx.work:work-runtime:2.7.0] AndroidManifest.xml:101:13-103
110            android:directBootAware="false"
110-->[androidx.work:work-runtime:2.7.0] AndroidManifest.xml:102:13-44
111            android:enabled="false"
111-->[androidx.work:work-runtime:2.7.0] AndroidManifest.xml:103:13-36
112            android:exported="false" >
112-->[androidx.work:work-runtime:2.7.0] AndroidManifest.xml:104:13-37
113            <intent-filter>
113-->[androidx.work:work-runtime:2.7.0] AndroidManifest.xml:106:13-108:29
114                <action android:name="android.net.conn.CONNECTIVITY_CHANGE" />
114-->[androidx.work:work-runtime:2.7.0] AndroidManifest.xml:107:17-79
114-->[androidx.work:work-runtime:2.7.0] AndroidManifest.xml:107:25-76
115            </intent-filter>
116        </receiver>
117        <receiver
117-->[androidx.work:work-runtime:2.7.0] AndroidManifest.xml:110:9-121:20
118            android:name="androidx.work.impl.background.systemalarm.RescheduleReceiver"
118-->[androidx.work:work-runtime:2.7.0] AndroidManifest.xml:111:13-88
119            android:directBootAware="false"
119-->[androidx.work:work-runtime:2.7.0] AndroidManifest.xml:112:13-44
120            android:enabled="false"
120-->[androidx.work:work-runtime:2.7.0] AndroidManifest.xml:113:13-36
121            android:exported="false" >
121-->[androidx.work:work-runtime:2.7.0] AndroidManifest.xml:114:13-37
122            <intent-filter>
122-->[androidx.work:work-runtime:2.7.0] AndroidManifest.xml:116:13-120:29
123                <action android:name="android.intent.action.BOOT_COMPLETED" />
123-->[androidx.work:work-runtime:2.7.0] AndroidManifest.xml:117:17-79
123-->[androidx.work:work-runtime:2.7.0] AndroidManifest.xml:117:25-76
124                <action android:name="android.intent.action.TIME_SET" />
124-->[androidx.work:work-runtime:2.7.0] AndroidManifest.xml:118:17-73
124-->[androidx.work:work-runtime:2.7.0] AndroidManifest.xml:118:25-70
125                <action android:name="android.intent.action.TIMEZONE_CHANGED" />
125-->[androidx.work:work-runtime:2.7.0] AndroidManifest.xml:119:17-81
125-->[androidx.work:work-runtime:2.7.0] AndroidManifest.xml:119:25-78
126            </intent-filter>
127        </receiver>
128        <receiver
128-->[androidx.work:work-runtime:2.7.0] AndroidManifest.xml:122:9-131:20
129            android:name="androidx.work.impl.background.systemalarm.ConstraintProxyUpdateReceiver"
129-->[androidx.work:work-runtime:2.7.0] AndroidManifest.xml:123:13-99
130            android:directBootAware="false"
130-->[androidx.work:work-runtime:2.7.0] AndroidManifest.xml:124:13-44
131            android:enabled="@bool/enable_system_alarm_service_default"
131-->[androidx.work:work-runtime:2.7.0] AndroidManifest.xml:125:13-72
132            android:exported="false" >
132-->[androidx.work:work-runtime:2.7.0] AndroidManifest.xml:126:13-37
133            <intent-filter>
133-->[androidx.work:work-runtime:2.7.0] AndroidManifest.xml:128:13-130:29
134                <action android:name="androidx.work.impl.background.systemalarm.UpdateProxies" />
134-->[androidx.work:work-runtime:2.7.0] AndroidManifest.xml:129:17-98
134-->[androidx.work:work-runtime:2.7.0] AndroidManifest.xml:129:25-95
135            </intent-filter>
136        </receiver>
137        <receiver
137-->[androidx.work:work-runtime:2.7.0] AndroidManifest.xml:132:9-142:20
138            android:name="androidx.work.impl.diagnostics.DiagnosticsReceiver"
138-->[androidx.work:work-runtime:2.7.0] AndroidManifest.xml:133:13-78
139            android:directBootAware="false"
139-->[androidx.work:work-runtime:2.7.0] AndroidManifest.xml:134:13-44
140            android:enabled="true"
140-->[androidx.work:work-runtime:2.7.0] AndroidManifest.xml:135:13-35
141            android:exported="true"
141-->[androidx.work:work-runtime:2.7.0] AndroidManifest.xml:136:13-36
142            android:permission="android.permission.DUMP" >
142-->[androidx.work:work-runtime:2.7.0] AndroidManifest.xml:137:13-57
143            <intent-filter>
143-->[androidx.work:work-runtime:2.7.0] AndroidManifest.xml:139:13-141:29
144                <action android:name="androidx.work.diagnostics.REQUEST_DIAGNOSTICS" />
144-->[androidx.work:work-runtime:2.7.0] AndroidManifest.xml:140:17-88
144-->[androidx.work:work-runtime:2.7.0] AndroidManifest.xml:140:25-85
145            </intent-filter>
146        </receiver>
147
148        <service
148-->[androidx.room:room-runtime:2.2.5] AndroidManifest.xml:25:9-28:40
149            android:name="androidx.room.MultiInstanceInvalidationService"
149-->[androidx.room:room-runtime:2.2.5] AndroidManifest.xml:26:13-74
150            android:directBootAware="true"
150-->[androidx.room:room-runtime:2.2.5] AndroidManifest.xml:27:13-43
151            android:exported="false" />
151-->[androidx.room:room-runtime:2.2.5] AndroidManifest.xml:28:13-37
152    </application>
153
154</manifest>